<?xml version="1.0" encoding="UTF-8"?>
<testng-results ignored="0" total="2" passed="2" failed="0" skipped="0">
  <reporter-output>
  </reporter-output>
  <suite started-at="2023-07-07T09:56:49 IST" name="Suite" finished-at="2023-07-07T09:57:01 IST" duration-ms="11239">
    <groups>
    </groups>
    <test started-at="2023-07-07T09:56:49 IST" name="PageObjectModel Tests" finished-at="2023-07-07T09:57:01 IST" duration-ms="11239">
      <class name="tests.LoginTests">
        <test-method is-config="true" signature="setup()[pri:0, instance:tests.LoginTests@39529185]" started-at="2023-07-07T09:56:49 IST" name="setup" finished-at="2023-07-07T09:56:55 IST" duration-ms="5754" status="PASS">
          <reporter-output>
          </reporter-output>
        </test-method> <!-- setup -->
        <test-method signature="loginTest()[pri:0, instance:tests.LoginTests@39529185]" started-at="2023-07-07T09:56:55 IST" name="loginTest" finished-at="2023-07-07T09:56:55 IST" duration-ms="27" status="PASS">
          <reporter-output>
          </reporter-output>
        </test-method> <!-- loginTest -->
        <test-method is-config="true" signature="close()[pri:0, instance:tests.LoginTests@39529185]" started-at="2023-07-07T09:56:55 IST" name="close" finished-at="2023-07-07T09:56:56 IST" duration-ms="311" status="PASS">
          <reporter-output>
          </reporter-output>
        </test-method> <!-- close -->
      </class> <!-- tests.LoginTests -->
      <class name="tests.DashboardTests">
        <test-method is-config="true" signature="setup()[pri:0, instance:tests.DashboardTests@28eaa59a]" started-at="2023-07-07T09:56:56 IST" name="setup" finished-at="2023-07-07T09:56:59 IST" duration-ms="3880" status="PASS">
          <reporter-output>
          </reporter-output>
        </test-method> <!-- setup -->
        <test-method signature="DasboardTest()[pri:0, instance:tests.DashboardTests@28eaa59a]" started-at="2023-07-07T09:56:59 IST" name="DasboardTest" finished-at="2023-07-07T09:57:00 IST" duration-ms="1012" status="PASS">
          <reporter-output>
          </reporter-output>
        </test-method> <!-- DasboardTest -->
        <test-method is-config="true" signature="close()[pri:0, instance:tests.DashboardTests@28eaa59a]" started-at="2023-07-07T09:57:00 IST" name="close" finished-at="2023-07-07T09:57:01 IST" duration-ms="188" status="PASS">
          <reporter-output>
          </reporter-output>
        </test-method> <!-- close -->
      </class> <!-- tests.DashboardTests -->
    </test> <!-- PageObjectModel Tests -->
  </suite> <!-- Suite -->
</testng-results>
